2022-11-09 23:07:22.481  INFO 15960 --- [main] c.e.r.ReservationSqlApplication          : Starting ReservationSqlApplication using Java 11.0.16.1 on prolcx with PID 15960 (C:\Users\prolcx\dev\reservationApp\BE\reservationAppBE\target\classes started by prolcx in C:\Users\prolcx\dev\reservationApp\BE\reservationAppBE)
2022-11-09 23:07:22.482 DEBUG 15960 --- [main] c.e.r.ReservationSqlApplication          : Running with Spring Boot v2.7.1, Spring v5.3.21
2022-11-09 23:07:22.483  INFO 15960 --- [main] c.e.r.ReservationSqlApplication          : No active profile set, falling back to 1 default profile: "default"
2022-11-09 23:07:22.759  INFO 15960 --- [main] .s.d.r.c.RepositoryConfigurationDelegate : Bootstrapping Spring Data JPA repositories in DEFAULT mode.
2022-11-09 23:07:22.782  INFO 15960 --- [main] .s.d.r.c.RepositoryConfigurationDelegate : Finished Spring Data repository scanning in 17 ms. Found 1 JPA repository interfaces.
2022-11-09 23:07:23.048  INFO 15960 --- [main] o.s.b.w.embedded.tomcat.TomcatWebServer  : Tomcat initialized with port(s): 8080 (http)
2022-11-09 23:07:23.052  INFO 15960 --- [main] o.apache.catalina.core.StandardService   : Starting service [Tomcat]
2022-11-09 23:07:23.052  INFO 15960 --- [main] org.apache.catalina.core.StandardEngine  : Starting Servlet engine: [Apache Tomcat/9.0.64]
2022-11-09 23:07:23.099  INFO 15960 --- [main] o.a.c.c.C.[Tomcat].[localhost].[/]       : Initializing Spring embedded WebApplicationContext
2022-11-09 23:07:23.099  INFO 15960 --- [main] w.s.c.ServletWebServerApplicationContext : Root WebApplicationContext: initialization completed in 596 ms
2022-11-09 23:07:23.137  INFO 15960 --- [main] com.zaxxer.hikari.HikariDataSource       : HikariPool-1 - Starting...
2022-11-09 23:07:23.278  INFO 15960 --- [main] com.zaxxer.hikari.HikariDataSource       : HikariPool-1 - Start completed.
2022-11-09 23:07:23.330  INFO 15960 --- [main] o.hibernate.jpa.internal.util.LogHelper  : HHH000204: Processing PersistenceUnitInfo [name: default]
2022-11-09 23:07:23.349  INFO 15960 --- [main] org.hibernate.Version                    : HHH000412: Hibernate ORM core version 5.6.9.Final
2022-11-09 23:07:23.407  INFO 15960 --- [main] o.hibernate.annotations.common.Version   : HCANN000001: Hibernate Commons Annotations {5.1.2.Final}
2022-11-09 23:07:23.456  INFO 15960 --- [main] org.hibernate.dialect.Dialect            : HHH000400: Using dialect: org.hibernate.dialect.MySQL8Dialect
2022-11-09 23:07:23.731  INFO 15960 --- [main] o.h.e.t.j.p.i.JtaPlatformInitiator       : HHH000490: Using JtaPlatform implementation: [org.hibernate.engine.transaction.jta.platform.internal.NoJtaPlatform]
2022-11-09 23:07:23.735  INFO 15960 --- [main] j.LocalContainerEntityManagerFactoryBean : Initialized JPA EntityManagerFactory for persistence unit 'default'
2022-11-09 23:07:23.843  WARN 15960 --- [main] JpaBaseConfiguration$JpaWebConfiguration : spring.jpa.open-in-view is enabled by default. Therefore, database queries may be performed during view rendering. Explicitly configure spring.jpa.open-in-view to disable this warning
2022-11-09 23:07:23.978  INFO 15960 --- [main] o.s.b.w.embedded.tomcat.TomcatWebServer  : Tomcat started on port(s): 8080 (http) with context path ''
2022-11-09 23:07:23.983  INFO 15960 --- [main] c.e.r.ReservationSqlApplication          : Started ReservationSqlApplication in 1.662 seconds (JVM running for 1.938)
2022-11-09 23:07:27.188  INFO 15960 --- [http-nio-8080-exec-1] o.a.c.c.C.[Tomcat].[localhost].[/]       : Initializing Spring DispatcherServlet 'dispatcherServlet'
2022-11-09 23:07:27.189  INFO 15960 --- [http-nio-8080-exec-1] o.s.web.servlet.DispatcherServlet        : Initializing Servlet 'dispatcherServlet'
2022-11-09 23:07:27.190  INFO 15960 --- [http-nio-8080-exec-1] o.s.web.servlet.DispatcherServlet        : Completed initialization in 1 ms
2022-11-09 23:07:27.202 DEBUG 15960 --- [http-nio-8080-exec-1] c.e.r.controller.ReservationEndpoints    : GET all reservation
2022-11-09 23:07:27.202  INFO 15960 --- [http-nio-8080-exec-1] c.e.r.controller.ReservationEndpoints    : The following is for testing to print object it's here
